<?xml version="1.0" encoding="UTF-8"?>
<testng-results skipped="0" failed="0" ignored="0" total="1" passed="1">
  <reporter-output>
  </reporter-output>
  <suite name="Default suite" duration-ms="5852" started-at="2019-03-06T13:39:19Z" finished-at="2019-03-06T13:39:25Z">
    <groups>
    </groups>
    <test name="Default test" duration-ms="5852" started-at="2019-03-06T13:39:19Z" finished-at="2019-03-06T13:39:25Z">
      <class name="test_script.Script">
        <test-method status="PASS" signature="f()[pri:0, instance:test_script.Script@cb5822]" name="f" duration-ms="5807" started-at="2019-03-06T13:39:20Z" finished-at="2019-03-06T13:39:25Z">
          <reporter-output>
          </reporter-output>
        </test-method> <!-- f -->
      </class> <!-- test_script.Script -->
    </test> <!-- Default test -->
  </suite> <!-- Default suite -->
</testng-results>
